2025-01-01T13:59:57 [ERROR] Data validation failed.
2025-01-01T14:18:57 [INFO] Cache cleared successfully.
2025-01-01T14:28:57 [INFO] Request successfully processed.
2025-01-01T14:38:57 [INFO] User login failed due to invalid credentials.
2025-01-01T14:48:57 [INFO] Memory usage exceeded the threshold.
2025-01-06T13:58:57 [ERROR] Service shutdown due to unexpected error.
2025-02-01T13:58:57 [INFO] Log rotation completed.
2025-02-01T13:58:57 [ERROR] Network timeout occurred.
2025-02-01T13:58:57 [ERROR] Data validation failed.
2025-02-01T13:58:57 [INFO] Network timeout occurred.
2025-02-01T13:58:57 [ERROR] Database connection established.
2025-02-01T13:58:57 [ERROR] Application started successfully.
2025-02-06T13:58:57 [ERROR] Authentication failed for API user.
2025-02-06T13:58:57 [INFO] Memory usage exceeded the threshold.
2025-02-06T13:58:57 [ERROR] Authentication failed for API user.
2025-02-06T13:58:57 [INFO] Configuration updated successfully.
2025-02-06T13:58:57 [INFO] Database schema updated.
2025-02-06T13:58:57 [INFO] Unexpected error occurred while processing the request.
2025-02-06T13:58:57 [ERROR] Cache cleared successfully.
2025-02-06T13:58:57 [ERROR] Service shutdown due to unexpected error.
2025-02-06T13:58:57 [ERROR] Service shutdown due to unexpected error.
2025-02-06T13:58:57 [ERROR] Service shutdown due to unexpected error.
2025-02-06T13:58:57 [ERROR] Service shutdown due to unexpected error.
2025-02-06T13:58:57 [ERROR] Service shutdown due to unexpected error.
2025-02-06T13:58:57 [ERROR] Service shutdown due to unexpected error.